2014/05/30 17:26:31 [error] [php] date(): It is not safe to rely on the system's timezone settings. You are *required* to use the date.timezone setting or the date_default_timezone_set() function. In case you used any of those methods and you are still getting this warning, you most likely misspelled the timezone identifier. We selected the timezone 'UTC' for now, but please set date.timezone to select your timezone. (/var/www/html/inmuebleweb/protected/views/layouts/main.php:51)
Stack trace:
#0 /var/www/html/yii/framework/web/CBaseController.php(95): SiteController->renderInternal()
#1 /var/www/html/yii/framework/web/widgets/CContentDecorator.php(76): SiteController->renderFile()
#2 /var/www/html/yii/framework/web/widgets/CContentDecorator.php(54): CContentDecorator->decorate()
#3 /var/www/html/yii/framework/web/widgets/COutputProcessor.php(44): CContentDecorator->processOutput()
#4 /var/www/html/yii/framework/web/CBaseController.php(206): CContentDecorator->run()
#5 /var/www/html/yii/framework/web/CBaseController.php(300): SiteController->endWidget()
#6 /var/www/html/inmuebleweb/protected/views/layouts/column1.php(6): SiteController->endContent()
#7 /var/www/html/yii/framework/web/CBaseController.php(126): require()
#8 /var/www/html/yii/framework/web/CBaseController.php(95): SiteController->renderInternal()
#9 /var/www/html/yii/framework/web/CController.php(784): SiteController->renderFile()
#10 /var/www/html/inmuebleweb/protected/controllers/SiteController.php(32): SiteController->render()
#11 /var/www/html/yii/framework/web/actions/CInlineAction.php(49): SiteController->actionIndex()
#12 /var/www/html/yii/framework/web/CController.php(308): CInlineAction->runWithParams()
#13 /var/www/html/yii/framework/web/CController.php(286): SiteController->runAction()
#14 /var/www/html/yii/framework/web/CController.php(265): SiteController->runActionWithFilters()
#15 /var/www/html/yii/framework/web/CWebApplication.php(282): SiteController->run()
#16 /var/www/html/yii/framework/web/CWebApplication.php(141): CWebApplication->runController()
#17 /var/www/html/yii/framework/base/CApplication.php(180): CWebApplication->processRequest()
#18 /var/www/html/inmuebleweb/index.php(13): CWebApplication->run()
REQUEST_URI=/inmuebleweb/index.php
in /var/www/html/inmuebleweb/protected/views/layouts/main.php (51)
in /var/www/html/inmuebleweb/protected/views/layouts/column1.php (6)
in /var/www/html/inmuebleweb/protected/controllers/SiteController.php (32)
2014/06/04 17:45:37 [error] [exception.CException] exception 'CException' with message 'Property "CWebApplication.bootstrap" is not defined.' in /var/www/html/yii/framework/base/CComponent.php:130
Stack trace:
#0 /var/www/html/yii/framework/base/CModule.php(105): CComponent->__get('bootstrap')
#1 /var/www/html/inmuebleweb/themes/bootstrap/views/layouts/main.php(12): CModule->__get('bootstrap')
#2 /var/www/html/yii/framework/web/CBaseController.php(126): require('/var/www/html/i...')
#3 /var/www/html/yii/framework/web/CBaseController.php(95): CBaseController->renderInternal('/var/www/html/i...', Array, true)
#4 /var/www/html/yii/framework/web/widgets/CContentDecorator.php(76): CBaseController->renderFile('/var/www/html/i...', Array, true)
#5 /var/www/html/yii/framework/web/widgets/CContentDecorator.php(54): CContentDecorator->decorate('<div id="conten...')
#6 /var/www/html/yii/framework/web/widgets/COutputProcessor.php(44): CContentDecorator->processOutput('<div id="conten...')
#7 /var/www/html/yii/framework/web/CBaseController.php(206): COutputProcessor->run()
#8 /var/www/html/yii/framework/web/CBaseController.php(300): CBaseController->endWidget('CContentDecorat...')
#9 /var/www/html/inmuebleweb/protected/views/layouts/column1.php(6): CBaseController->endContent()
#10 /var/www/html/yii/framework/web/CBaseController.php(126): require('/var/www/html/i...')
#11 /var/www/html/yii/framework/web/CBaseController.php(95): CBaseController->renderInternal('/var/www/html/i...', Array, true)
#12 /var/www/html/yii/framework/web/CController.php(784): CBaseController->renderFile('/var/www/html/i...', Array, true)
#13 /var/www/html/inmuebleweb/protected/controllers/SiteController.php(32): CController->render('index')
#14 /var/www/html/yii/framework/web/actions/CInlineAction.php(49): SiteController->actionIndex()
#15 /var/www/html/yii/framework/web/CController.php(308): CInlineAction->runWithParams(Array)
#16 /var/www/html/yii/framework/web/CController.php(286): CController->runAction(Object(CInlineAction))
#17 /var/www/html/yii/framework/web/CController.php(265): CController->runActionWithFilters(Object(CInlineAction), Array)
#18 /var/www/html/yii/framework/web/CWebApplication.php(282): CController->run('')
#19 /var/www/html/yii/framework/web/CWebApplication.php(141): CWebApplication->runController('')
#20 /var/www/html/yii/framework/base/CApplication.php(180): CWebApplication->processRequest()
#21 /var/www/html/inmuebleweb/index.php(15): CApplication->run()
#22 {main}
REQUEST_URI=/inmuebleweb/index.php
---
2014/06/04 17:48:37 [error] [exception.CException] exception 'CException' with message 'Property "CWebApplication.bootstrap" is not defined.' in /var/www/html/yii/framework/base/CComponent.php:130
Stack trace:
#0 /var/www/html/yii/framework/base/CModule.php(105): CComponent->__get('bootstrap')
#1 /var/www/html/inmuebleweb/themes/bootstrap/views/layouts/main.php(12): CModule->__get('bootstrap')
#2 /var/www/html/yii/framework/web/CBaseController.php(126): require('/var/www/html/i...')
#3 /var/www/html/yii/framework/web/CBaseController.php(95): CBaseController->renderInternal('/var/www/html/i...', Array, true)
#4 /var/www/html/yii/framework/web/widgets/CContentDecorator.php(76): CBaseController->renderFile('/var/www/html/i...', Array, true)
#5 /var/www/html/yii/framework/web/widgets/CContentDecorator.php(54): CContentDecorator->decorate('<div id="conten...')
#6 /var/www/html/yii/framework/web/widgets/COutputProcessor.php(44): CContentDecorator->processOutput('<div id="conten...')
#7 /var/www/html/yii/framework/web/CBaseController.php(206): COutputProcessor->run()
#8 /var/www/html/yii/framework/web/CBaseController.php(300): CBaseController->endWidget('CContentDecorat...')
#9 /var/www/html/inmuebleweb/protected/views/layouts/column1.php(6): CBaseController->endContent()
#10 /var/www/html/yii/framework/web/CBaseController.php(126): require('/var/www/html/i...')
#11 /var/www/html/yii/framework/web/CBaseController.php(95): CBaseController->renderInternal('/var/www/html/i...', Array, true)
#12 /var/www/html/yii/framework/web/CController.php(784): CBaseController->renderFile('/var/www/html/i...', Array, true)
#13 /var/www/html/inmuebleweb/protected/controllers/SiteController.php(32): CController->render('index')
#14 /var/www/html/yii/framework/web/actions/CInlineAction.php(49): SiteController->actionIndex()
#15 /var/www/html/yii/framework/web/CController.php(308): CInlineAction->runWithParams(Array)
#16 /var/www/html/yii/framework/web/CController.php(286): CController->runAction(Object(CInlineAction))
#17 /var/www/html/yii/framework/web/CController.php(265): CController->runActionWithFilters(Object(CInlineAction), Array)
#18 /var/www/html/yii/framework/web/CWebApplication.php(282): CController->run('')
#19 /var/www/html/yii/framework/web/CWebApplication.php(141): CWebApplication->runController('')
#20 /var/www/html/yii/framework/base/CApplication.php(180): CWebApplication->processRequest()
#21 /var/www/html/inmuebleweb/index.php(15): CApplication->run()
#22 {main}
REQUEST_URI=/inmuebleweb/
---
2014/06/04 17:49:54 [error] [exception.CException] exception 'CException' with message 'Property "CWebApplication.bootstrap" is not defined.' in /var/www/html/yii/framework/base/CComponent.php:130
Stack trace:
#0 /var/www/html/yii/framework/base/CModule.php(105): CComponent->__get('bootstrap')
#1 /var/www/html/inmuebleweb/themes/bootstrap/views/layouts/main.php(12): CModule->__get('bootstrap')
#2 /var/www/html/yii/framework/web/CBaseController.php(126): require('/var/www/html/i...')
#3 /var/www/html/yii/framework/web/CBaseController.php(95): CBaseController->renderInternal('/var/www/html/i...', Array, true)
#4 /var/www/html/yii/framework/web/widgets/CContentDecorator.php(76): CBaseController->renderFile('/var/www/html/i...', Array, true)
#5 /var/www/html/yii/framework/web/widgets/CContentDecorator.php(54): CContentDecorator->decorate('<div id="conten...')
#6 /var/www/html/yii/framework/web/widgets/COutputProcessor.php(44): CContentDecorator->processOutput('<div id="conten...')
#7 /var/www/html/yii/framework/web/CBaseController.php(206): COutputProcessor->run()
#8 /var/www/html/yii/framework/web/CBaseController.php(300): CBaseController->endWidget('CContentDecorat...')
#9 /var/www/html/inmuebleweb/protected/views/layouts/column1.php(6): CBaseController->endContent()
#10 /var/www/html/yii/framework/web/CBaseController.php(126): require('/var/www/html/i...')
#11 /var/www/html/yii/framework/web/CBaseController.php(95): CBaseController->renderInternal('/var/www/html/i...', Array, true)
#12 /var/www/html/yii/framework/web/CController.php(784): CBaseController->renderFile('/var/www/html/i...', Array, true)
#13 /var/www/html/inmuebleweb/protected/controllers/SiteController.php(32): CController->render('index')
#14 /var/www/html/yii/framework/web/actions/CInlineAction.php(49): SiteController->actionIndex()
#15 /var/www/html/yii/framework/web/CController.php(308): CInlineAction->runWithParams(Array)
#16 /var/www/html/yii/framework/web/CController.php(286): CController->runAction(Object(CInlineAction))
#17 /var/www/html/yii/framework/web/CController.php(265): CController->runActionWithFilters(Object(CInlineAction), Array)
#18 /var/www/html/yii/framework/web/CWebApplication.php(282): CController->run('')
#19 /var/www/html/yii/framework/web/CWebApplication.php(141): CWebApplication->runController('')
#20 /var/www/html/yii/framework/base/CApplication.php(180): CWebApplication->processRequest()
#21 /var/www/html/inmuebleweb/index.php(15): CApplication->run()
#22 {main}
REQUEST_URI=/inmuebleweb/
---
2014/06/04 17:49:56 [error] [exception.CException] exception 'CException' with message 'Property "CWebApplication.bootstrap" is not defined.' in /var/www/html/yii/framework/base/CComponent.php:130
Stack trace:
#0 /var/www/html/yii/framework/base/CModule.php(105): CComponent->__get('bootstrap')
#1 /var/www/html/inmuebleweb/themes/bootstrap/views/layouts/main.php(12): CModule->__get('bootstrap')
#2 /var/www/html/yii/framework/web/CBaseController.php(126): require('/var/www/html/i...')
#3 /var/www/html/yii/framework/web/CBaseController.php(95): CBaseController->renderInternal('/var/www/html/i...', Array, true)
#4 /var/www/html/yii/framework/web/widgets/CContentDecorator.php(76): CBaseController->renderFile('/var/www/html/i...', Array, true)
#5 /var/www/html/yii/framework/web/widgets/CContentDecorator.php(54): CContentDecorator->decorate('<div id="conten...')
#6 /var/www/html/yii/framework/web/widgets/COutputProcessor.php(44): CContentDecorator->processOutput('<div id="conten...')
#7 /var/www/html/yii/framework/web/CBaseController.php(206): COutputProcessor->run()
#8 /var/www/html/yii/framework/web/CBaseController.php(300): CBaseController->endWidget('CContentDecorat...')
#9 /var/www/html/inmuebleweb/protected/views/layouts/column1.php(6): CBaseController->endContent()
#10 /var/www/html/yii/framework/web/CBaseController.php(126): require('/var/www/html/i...')
#11 /var/www/html/yii/framework/web/CBaseController.php(95): CBaseController->renderInternal('/var/www/html/i...', Array, true)
#12 /var/www/html/yii/framework/web/CController.php(784): CBaseController->renderFile('/var/www/html/i...', Array, true)
#13 /var/www/html/inmuebleweb/protected/controllers/SiteController.php(32): CController->render('index')
#14 /var/www/html/yii/framework/web/actions/CInlineAction.php(49): SiteController->actionIndex()
#15 /var/www/html/yii/framework/web/CController.php(308): CInlineAction->runWithParams(Array)
#16 /var/www/html/yii/framework/web/CController.php(286): CController->runAction(Object(CInlineAction))
#17 /var/www/html/yii/framework/web/CController.php(265): CController->runActionWithFilters(Object(CInlineAction), Array)
#18 /var/www/html/yii/framework/web/CWebApplication.php(282): CController->run('')
#19 /var/www/html/yii/framework/web/CWebApplication.php(141): CWebApplication->runController('')
#20 /var/www/html/yii/framework/base/CApplication.php(180): CWebApplication->processRequest()
#21 /var/www/html/inmuebleweb/index.php(15): CApplication->run()
#22 {main}
REQUEST_URI=/inmuebleweb/
---
2014/06/04 19:45:45 [error] [system.db.CDbCommand] CDbCommand::fetchAll() failed: SQLSTATE[42S02]: Base table or view not found: 1146 Table 'dbinmweb.bario' doesn't exist. The SQL statement executed was: SHOW FULL COLUMNS FROM `bario`.
in /var/www/inmuebleweb/index.php (15)
2014/06/04 19:54:37 [error] [exception.CHttpException.404] exception 'CHttpException' with message 'The system is unable to find the requested action "barrio".' in /var/www/yii/framework/web/CController.php:483
Stack trace:
#0 /var/www/yii/framework/web/CController.php(270): CController->missingAction('barrio')
#1 /var/www/yii/framework/web/CWebApplication.php(282): CController->run('barrio')
#2 /var/www/yii/framework/web/CWebApplication.php(141): CWebApplication->runController('site/barrio')
#3 /var/www/yii/framework/base/CApplication.php(180): CWebApplication->processRequest()
#4 /var/www/inmuebleweb/index.php(15): CApplication->run()
#5 {main}
REQUEST_URI=/inmuebleweb/index.php?r=site/barrio
HTTP_REFERER=http://localhost/inmuebleweb/barrio/index.php
---
2014/06/04 19:56:29 [error] [exception.CHttpException.404] exception 'CHttpException' with message 'The system is unable to find the requested action "barrio".' in /var/www/yii/framework/web/CController.php:483
Stack trace:
#0 /var/www/yii/framework/web/CController.php(270): CController->missingAction('barrio')
#1 /var/www/yii/framework/web/CWebApplication.php(282): CController->run('barrio')
#2 /var/www/yii/framework/web/CWebApplication.php(141): CWebApplication->runController('site/barrio')
#3 /var/www/yii/framework/base/CApplication.php(180): CWebApplication->processRequest()
#4 /var/www/inmuebleweb/index.php(15): CApplication->run()
#5 {main}
REQUEST_URI=/inmuebleweb/index.php?r=site/barrio
HTTP_REFERER=http://localhost/inmuebleweb/barrio/index.php
---
2014/06/04 19:56:31 [error] [exception.CHttpException.404] exception 'CHttpException' with message 'The system is unable to find the requested action "barrio".' in /var/www/yii/framework/web/CController.php:483
Stack trace:
#0 /var/www/yii/framework/web/CController.php(270): CController->missingAction('barrio')
#1 /var/www/yii/framework/web/CWebApplication.php(282): CController->run('barrio')
#2 /var/www/yii/framework/web/CWebApplication.php(141): CWebApplication->runController('site/barrio')
#3 /var/www/yii/framework/base/CApplication.php(180): CWebApplication->processRequest()
#4 /var/www/inmuebleweb/index.php(15): CApplication->run()
#5 {main}
REQUEST_URI=/inmuebleweb/index.php?r=site/barrio
HTTP_REFERER=http://localhost/inmuebleweb/index.php?r=site/barrio
---
2014/06/04 19:56:47 [error] [exception.CHttpException.404] exception 'CHttpException' with message 'The system is unable to find the requested action "barrio".' in /var/www/yii/framework/web/CController.php:483
Stack trace:
#0 /var/www/yii/framework/web/CController.php(270): CController->missingAction('barrio')
#1 /var/www/yii/framework/web/CWebApplication.php(282): CController->run('barrio')
#2 /var/www/yii/framework/web/CWebApplication.php(141): CWebApplication->runController('site/barrio')
#3 /var/www/yii/framework/base/CApplication.php(180): CWebApplication->processRequest()
#4 /var/www/inmuebleweb/index.php(15): CApplication->run()
#5 {main}
REQUEST_URI=/inmuebleweb/index.php?r=site/barrio
HTTP_REFERER=http://localhost/inmuebleweb/index.php
---
2014/06/04 19:56:52 [error] [exception.CHttpException.404] exception 'CHttpException' with message 'The system is unable to find the requested action "barrio".' in /var/www/yii/framework/web/CController.php:483
Stack trace:
#0 /var/www/yii/framework/web/CController.php(270): CController->missingAction('barrio')
#1 /var/www/yii/framework/web/CWebApplication.php(282): CController->run('barrio')
#2 /var/www/yii/framework/web/CWebApplication.php(141): CWebApplication->runController('site/barrio')
#3 /var/www/yii/framework/base/CApplication.php(180): CWebApplication->processRequest()
#4 /var/www/inmuebleweb/index.php(15): CApplication->run()
#5 {main}
REQUEST_URI=/inmuebleweb/index.php?r=site/barrio
HTTP_REFERER=http://localhost/inmuebleweb/index.php?r=site/page&view=about
---
2014/06/04 19:57:12 [error] [exception.CHttpException.404] exception 'CHttpException' with message 'The system is unable to find the requested action "barrio".' in /var/www/yii/framework/web/CController.php:483
Stack trace:
#0 /var/www/yii/framework/web/CController.php(270): CController->missingAction('barrio')
#1 /var/www/yii/framework/web/CWebApplication.php(282): CController->run('barrio')
#2 /var/www/yii/framework/web/CWebApplication.php(141): CWebApplication->runController('site/barrio')
#3 /var/www/yii/framework/base/CApplication.php(180): CWebApplication->processRequest()
#4 /var/www/inmuebleweb/index.php(15): CApplication->run()
#5 {main}
REQUEST_URI=/inmuebleweb/index.php?r=site/barrio
---
2014/06/04 19:57:26 [error] [exception.CHttpException.404] exception 'CHttpException' with message 'The requested view "barrio" was not found.' in /var/www/yii/framework/web/actions/CViewAction.php:112
Stack trace:
#0 /var/www/yii/framework/web/actions/CViewAction.php(123): CViewAction->resolveView('barrio')
#1 /var/www/yii/framework/web/actions/CAction.php(76): CViewAction->run()
#2 /var/www/yii/framework/web/CController.php(308): CAction->runWithParams(Array)
#3 /var/www/yii/framework/web/CController.php(286): CController->runAction(Object(CViewAction))
#4 /var/www/yii/framework/web/CController.php(265): CController->runActionWithFilters(Object(CViewAction), Array)
#5 /var/www/yii/framework/web/CWebApplication.php(282): CController->run('page')
#6 /var/www/yii/framework/web/CWebApplication.php(141): CWebApplication->runController('site/page')
#7 /var/www/yii/framework/base/CApplication.php(180): CWebApplication->processRequest()
#8 /var/www/inmuebleweb/index.php(15): CApplication->run()
#9 {main}
REQUEST_URI=/inmuebleweb/index.php?r=site/page&view=barrio
---
2014/06/04 19:57:39 [error] [exception.CHttpException.404] exception 'CHttpException' with message 'The system is unable to find the requested action "barrio".' in /var/www/yii/framework/web/CController.php:483
Stack trace:
#0 /var/www/yii/framework/web/CController.php(270): CController->missingAction('barrio')
#1 /var/www/yii/framework/web/CWebApplication.php(282): CController->run('barrio')
#2 /var/www/yii/framework/web/CWebApplication.php(141): CWebApplication->runController('site/barrio')
#3 /var/www/yii/framework/base/CApplication.php(180): CWebApplication->processRequest()
#4 /var/www/inmuebleweb/index.php(15): CApplication->run()
#5 {main}
REQUEST_URI=/inmuebleweb/index.php?r=site/barrio
---
2014/06/04 19:59:36 [error] [exception.CHttpException.404] exception 'CHttpException' with message 'The system is unable to find the requested action "barrio".' in /var/www/yii/framework/web/CController.php:483
Stack trace:
#0 /var/www/yii/framework/web/CController.php(270): CController->missingAction('barrio')
#1 /var/www/yii/framework/web/CWebApplication.php(282): CController->run('barrio')
#2 /var/www/yii/framework/web/CWebApplication.php(141): CWebApplication->runController('site/barrio')
#3 /var/www/yii/framework/base/CApplication.php(180): CWebApplication->processRequest()
#4 /var/www/inmuebleweb/index.php(15): CApplication->run()
#5 {main}
REQUEST_URI=/inmuebleweb/index.php?r=site/barrio
HTTP_REFERER=http://localhost/inmuebleweb/barrio/
---
2014/06/04 20:00:27 [error] [exception.CHttpException.404] exception 'CHttpException' with message 'The system is unable to find the requested action "barrio".' in /var/www/yii/framework/web/CController.php:483
Stack trace:
#0 /var/www/yii/framework/web/CController.php(270): CController->missingAction('barrio')
#1 /var/www/yii/framework/web/CWebApplication.php(282): CController->run('barrio')
#2 /var/www/yii/framework/web/CWebApplication.php(141): CWebApplication->runController('site/barrio')
#3 /var/www/yii/framework/base/CApplication.php(180): CWebApplication->processRequest()
#4 /var/www/inmuebleweb/index.php(15): CApplication->run()
#5 {main}
REQUEST_URI=/inmuebleweb/index.php?r=site/barrio
HTTP_REFERER=http://localhost/inmuebleweb/index.php?r=site/index
---
2014/06/04 20:00:29 [error] [exception.CHttpException.404] exception 'CHttpException' with message 'The system is unable to find the requested action "barrio".' in /var/www/yii/framework/web/CController.php:483
Stack trace:
#0 /var/www/yii/framework/web/CController.php(270): CController->missingAction('barrio')
#1 /var/www/yii/framework/web/CWebApplication.php(282): CController->run('barrio')
#2 /var/www/yii/framework/web/CWebApplication.php(141): CWebApplication->runController('site/barrio')
#3 /var/www/yii/framework/base/CApplication.php(180): CWebApplication->processRequest()
#4 /var/www/inmuebleweb/index.php(15): CApplication->run()
#5 {main}
REQUEST_URI=/inmuebleweb/index.php?r=site/barrio
HTTP_REFERER=http://localhost/inmuebleweb/index.php?r=site/barrio
---
2014/06/04 20:02:52 [error] [exception.CHttpException.404] exception 'CHttpException' with message 'The system is unable to find the requested action "barrio".' in /var/www/yii/framework/web/CController.php:483
Stack trace:
#0 /var/www/yii/framework/web/CController.php(270): CController->missingAction('barrio')
#1 /var/www/yii/framework/web/CWebApplication.php(282): CController->run('barrio')
#2 /var/www/yii/framework/web/CWebApplication.php(141): CWebApplication->runController('site/barrio')
#3 /var/www/yii/framework/base/CApplication.php(180): CWebApplication->processRequest()
#4 /var/www/inmuebleweb/index.php(15): CApplication->run()
#5 {main}
REQUEST_URI=/inmuebleweb/index.php?r=site/barrio
---
2014/06/04 20:02:55 [error] [exception.CHttpException.404] exception 'CHttpException' with message 'The system is unable to find the requested action "barrio".' in /var/www/yii/framework/web/CController.php:483
Stack trace:
#0 /var/www/yii/framework/web/CController.php(270): CController->missingAction('barrio')
#1 /var/www/yii/framework/web/CWebApplication.php(282): CController->run('barrio')
#2 /var/www/yii/framework/web/CWebApplication.php(141): CWebApplication->runController('site/barrio')
#3 /var/www/yii/framework/base/CApplication.php(180): CWebApplication->processRequest()
#4 /var/www/inmuebleweb/index.php(15): CApplication->run()
#5 {main}
REQUEST_URI=/inmuebleweb/index.php?r=site/barrio
HTTP_REFERER=http://localhost/inmuebleweb/index.php?r=site/barrio
---
2014/06/04 20:03:02 [error] [exception.CHttpException.404] exception 'CHttpException' with message 'The system is unable to find the requested action "barrio".' in /var/www/yii/framework/web/CController.php:483
Stack trace:
#0 /var/www/yii/framework/web/CController.php(270): CController->missingAction('barrio')
#1 /var/www/yii/framework/web/CWebApplication.php(282): CController->run('barrio')
#2 /var/www/yii/framework/web/CWebApplication.php(141): CWebApplication->runController('site/barrio')
#3 /var/www/yii/framework/base/CApplication.php(180): CWebApplication->processRequest()
#4 /var/www/inmuebleweb/index.php(15): CApplication->run()
#5 {main}
REQUEST_URI=/inmuebleweb/index.php?r=site/barrio
HTTP_REFERER=http://localhost/inmuebleweb/index.php?r=site/index
---
2014/06/06 18:35:46 [error] [system.db.CDbCommand] CDbCommand::fetchAll() failed: SQLSTATE[42S02]: Base table or view not found: 1146 Table 'dbinmweb.departamento' doesn't exist. The SQL statement executed was: SHOW FULL COLUMNS FROM `departamento`.
in /var/www/inmuebleweb/protected/views/departamento/index.php (20)
in /var/www/inmuebleweb/protected/controllers/DepartamentoController.php (128)
in /var/www/inmuebleweb/index.php (15)
2014/06/06 18:35:46 [error] [exception.CDbException] exception 'CDbException' with message 'The table "departamento" for active record class "Departamento" cannot be found in the database.' in /var/www/yii/framework/db/ar/CActiveRecord.php:2362
Stack trace:
#0 /var/www/yii/framework/db/ar/CActiveRecord.php(411): CActiveRecordMetaData->__construct(Object(Departamento))
#1 /var/www/yii/framework/db/ar/CActiveRecord.php(658): CActiveRecord->getMetaData()
#2 /var/www/yii/framework/db/ar/CActiveRecord.php(1601): CActiveRecord->getTableSchema()
#3 /var/www/yii/framework/web/CActiveDataProvider.php(228): CActiveRecord->count(Object(CDbCriteria))
#4 /var/www/yii/framework/web/CDataProvider.php(224): CActiveDataProvider->calculateTotalItemCount()
#5 /var/www/yii/framework/web/CActiveDataProvider.php(178): CDataProvider->getTotalItemCount()
#6 /var/www/yii/framework/web/CDataProvider.php(168): CActiveDataProvider->fetchData()
#7 /var/www/yii/framework/zii/widgets/CBaseListView.php(111): CDataProvider->getData()
#8 /var/www/yii/framework/zii/widgets/CListView.php(211): CBaseListView->init()
#9 /var/www/yii/framework/web/CBaseController.php(147): CListView->init()
#10 /var/www/yii/framework/web/CBaseController.php(172): CBaseController->createWidget('zii.widgets.CLi...', Array)
#11 /var/www/inmuebleweb/protected/views/departamento/index.php(20): CBaseController->widget('zii.widgets.CLi...', Array)
#12 /var/www/yii/framework/web/CBaseController.php(126): require('/var/www/inmueb...')
#13 /var/www/yii/framework/web/CBaseController.php(95): CBaseController->renderInternal('/var/www/inmueb...', Array, true)
#14 /var/www/yii/framework/web/CController.php(869): CBaseController->renderFile('/var/www/inmueb...', Array, true)
#15 /var/www/yii/framework/web/CController.php(782): CController->renderPartial('index', Array, true)
#16 /var/www/inmuebleweb/protected/controllers/DepartamentoController.php(128): CController->render('index', Array)
#17 /var/www/yii/framework/web/actions/CInlineAction.php(49): DepartamentoController->actionIndex()
#18 /var/www/yii/framework/web/CController.php(308): CInlineAction->runWithParams(Array)
#19 /var/www/yii/framework/web/filters/CFilterChain.php(133): CController->runAction(Object(CInlineAction))
#20 /var/www/yii/framework/web/filters/CFilter.php(40): CFilterChain->run()
#21 /var/www/yii/framework/web/CController.php(1145): CFilter->filter(Object(CFilterChain))
#22 /var/www/yii/framework/web/filters/CInlineFilter.php(58): CController->filterAccessControl(Object(CFilterChain))
#23 /var/www/yii/framework/web/filters/CFilterChain.php(130): CInlineFilter->filter(Object(CFilterChain))
#24 /var/www/yii/framework/web/CController.php(291): CFilterChain->run()
#25 /var/www/yii/framework/web/CController.php(265): CController->runActionWithFilters(Object(CInlineAction), Array)
#26 /var/www/yii/framework/web/CWebApplication.php(282): CController->run('index')
#27 /var/www/yii/framework/web/CWebApplication.php(141): CWebApplication->runController('departamento/in...')
#28 /var/www/yii/framework/base/CApplication.php(180): CWebApplication->processRequest()
#29 /var/www/inmuebleweb/index.php(15): CApplication->run()
#30 {main}
REQUEST_URI=/inmuebleweb/index.php?r=departamento/index
HTTP_REFERER=http://localhost/inmuebleweb/
---
2014/06/06 18:45:57 [error] [system.db.CDbCommand] CDbCommand::fetchAll() failed: SQLSTATE[42S02]: Base table or view not found: 1146 Table 'dbinmweb.departamento' doesn't exist. The SQL statement executed was: SHOW FULL COLUMNS FROM `departamento`.
in /var/www/inmuebleweb/protected/views/departamento/index.php (20)
in /var/www/inmuebleweb/protected/controllers/DepartamentoController.php (128)
in /var/www/inmuebleweb/index.php (15)
2014/06/06 18:45:57 [error] [exception.CDbException] exception 'CDbException' with message 'The table "departamento" for active record class "Departamento" cannot be found in the database.' in /var/www/yii/framework/db/ar/CActiveRecord.php:2362
Stack trace:
#0 /var/www/yii/framework/db/ar/CActiveRecord.php(411): CActiveRecordMetaData->__construct(Object(Departamento))
#1 /var/www/yii/framework/db/ar/CActiveRecord.php(658): CActiveRecord->getMetaData()
#2 /var/www/yii/framework/db/ar/CActiveRecord.php(1601): CActiveRecord->getTableSchema()
#3 /var/www/yii/framework/web/CActiveDataProvider.php(228): CActiveRecord->count(Object(CDbCriteria))
#4 /var/www/yii/framework/web/CDataProvider.php(224): CActiveDataProvider->calculateTotalItemCount()
#5 /var/www/yii/framework/web/CActiveDataProvider.php(178): CDataProvider->getTotalItemCount()
#6 /var/www/yii/framework/web/CDataProvider.php(168): CActiveDataProvider->fetchData()
#7 /var/www/yii/framework/zii/widgets/CBaseListView.php(111): CDataProvider->getData()
#8 /var/www/yii/framework/zii/widgets/CListView.php(211): CBaseListView->init()
#9 /var/www/yii/framework/web/CBaseController.php(147): CListView->init()
#10 /var/www/yii/framework/web/CBaseController.php(172): CBaseController->createWidget('zii.widgets.CLi...', Array)
#11 /var/www/inmuebleweb/protected/views/departamento/index.php(20): CBaseController->widget('zii.widgets.CLi...', Array)
#12 /var/www/yii/framework/web/CBaseController.php(126): require('/var/www/inmueb...')
#13 /var/www/yii/framework/web/CBaseController.php(95): CBaseController->renderInternal('/var/www/inmueb...', Array, true)
#14 /var/www/yii/framework/web/CController.php(869): CBaseController->renderFile('/var/www/inmueb...', Array, true)
#15 /var/www/yii/framework/web/CController.php(782): CController->renderPartial('index', Array, true)
#16 /var/www/inmuebleweb/protected/controllers/DepartamentoController.php(128): CController->render('index', Array)
#17 /var/www/yii/framework/web/actions/CInlineAction.php(49): DepartamentoController->actionIndex()
#18 /var/www/yii/framework/web/CController.php(308): CInlineAction->runWithParams(Array)
#19 /var/www/yii/framework/web/filters/CFilterChain.php(133): CController->runAction(Object(CInlineAction))
#20 /var/www/yii/framework/web/filters/CFilter.php(40): CFilterChain->run()
#21 /var/www/yii/framework/web/CController.php(1145): CFilter->filter(Object(CFilterChain))
#22 /var/www/yii/framework/web/filters/CInlineFilter.php(58): CController->filterAccessControl(Object(CFilterChain))
#23 /var/www/yii/framework/web/filters/CFilterChain.php(130): CInlineFilter->filter(Object(CFilterChain))
#24 /var/www/yii/framework/web/CController.php(291): CFilterChain->run()
#25 /var/www/yii/framework/web/CController.php(265): CController->runActionWithFilters(Object(CInlineAction), Array)
#26 /var/www/yii/framework/web/CWebApplication.php(282): CController->run('index')
#27 /var/www/yii/framework/web/CWebApplication.php(141): CWebApplication->runController('departamento/in...')
#28 /var/www/yii/framework/base/CApplication.php(180): CWebApplication->processRequest()
#29 /var/www/inmuebleweb/index.php(15): CApplication->run()
#30 {main}
REQUEST_URI=/inmuebleweb/index.php?r=departamento/index
HTTP_REFERER=http://localhost/inmuebleweb/index.php?r=cliente/index
---
2014/06/06 18:46:21 [error] [system.db.CDbCommand] CDbCommand::fetchAll() failed: SQLSTATE[42S02]: Base table or view not found: 1146 Table 'dbinmweb.visita' doesn't exist. The SQL statement executed was: SHOW FULL COLUMNS FROM `visita`.
in /var/www/inmuebleweb/protected/views/visita/index.php (20)
in /var/www/inmuebleweb/protected/controllers/VisitaController.php (128)
in /var/www/inmuebleweb/index.php (15)
2014/06/06 18:46:21 [error] [exception.CDbException] exception 'CDbException' with message 'The table "visita" for active record class "Visita" cannot be found in the database.' in /var/www/yii/framework/db/ar/CActiveRecord.php:2362
Stack trace:
#0 /var/www/yii/framework/db/ar/CActiveRecord.php(411): CActiveRecordMetaData->__construct(Object(Visita))
#1 /var/www/yii/framework/db/ar/CActiveRecord.php(658): CActiveRecord->getMetaData()
#2 /var/www/yii/framework/db/ar/CActiveRecord.php(1601): CActiveRecord->getTableSchema()
#3 /var/www/yii/framework/web/CActiveDataProvider.php(228): CActiveRecord->count(Object(CDbCriteria))
#4 /var/www/yii/framework/web/CDataProvider.php(224): CActiveDataProvider->calculateTotalItemCount()
#5 /var/www/yii/framework/web/CActiveDataProvider.php(178): CDataProvider->getTotalItemCount()
#6 /var/www/yii/framework/web/CDataProvider.php(168): CActiveDataProvider->fetchData()
#7 /var/www/yii/framework/zii/widgets/CBaseListView.php(111): CDataProvider->getData()
#8 /var/www/yii/framework/zii/widgets/CListView.php(211): CBaseListView->init()
#9 /var/www/yii/framework/web/CBaseController.php(147): CListView->init()
#10 /var/www/yii/framework/web/CBaseController.php(172): CBaseController->createWidget('zii.widgets.CLi...', Array)
#11 /var/www/inmuebleweb/protected/views/visita/index.php(20): CBaseController->widget('zii.widgets.CLi...', Array)
#12 /var/www/yii/framework/web/CBaseController.php(126): require('/var/www/inmueb...')
#13 /var/www/yii/framework/web/CBaseController.php(95): CBaseController->renderInternal('/var/www/inmueb...', Array, true)
#14 /var/www/yii/framework/web/CController.php(869): CBaseController->renderFile('/var/www/inmueb...', Array, true)
#15 /var/www/yii/framework/web/CController.php(782): CController->renderPartial('index', Array, true)
#16 /var/www/inmuebleweb/protected/controllers/VisitaController.php(128): CController->render('index', Array)
#17 /var/www/yii/framework/web/actions/CInlineAction.php(49): VisitaController->actionIndex()
#18 /var/www/yii/framework/web/CController.php(308): CInlineAction->runWithParams(Array)
#19 /var/www/yii/framework/web/filters/CFilterChain.php(133): CController->runAction(Object(CInlineAction))
#20 /var/www/yii/framework/web/filters/CFilter.php(40): CFilterChain->run()
#21 /var/www/yii/framework/web/CController.php(1145): CFilter->filter(Object(CFilterChain))
#22 /var/www/yii/framework/web/filters/CInlineFilter.php(58): CController->filterAccessControl(Object(CFilterChain))
#23 /var/www/yii/framework/web/filters/CFilterChain.php(130): CInlineFilter->filter(Object(CFilterChain))
#24 /var/www/yii/framework/web/CController.php(291): CFilterChain->run()
#25 /var/www/yii/framework/web/CController.php(265): CController->runActionWithFilters(Object(CInlineAction), Array)
#26 /var/www/yii/framework/web/CWebApplication.php(282): CController->run('index')
#27 /var/www/yii/framework/web/CWebApplication.php(141): CWebApplication->runController('visita/index')
#28 /var/www/yii/framework/base/CApplication.php(180): CWebApplication->processRequest()
#29 /var/www/inmuebleweb/index.php(15): CApplication->run()
#30 {main}
REQUEST_URI=/inmuebleweb/index.php?r=visita/index
HTTP_REFERER=http://localhost/inmuebleweb/index.php?r=usuario/index
---
2014/06/06 18:50:59 [error] [system.db.CDbCommand] CDbCommand::fetchAll() failed: SQLSTATE[42S02]: Base table or view not found: 1146 Table 'dbinmweb.departamento' doesn't exist. The SQL statement executed was: SHOW FULL COLUMNS FROM `departamento`.
in /var/www/inmuebleweb/protected/views/departamento/index.php (20)
in /var/www/inmuebleweb/protected/controllers/DepartamentoController.php (128)
in /var/www/inmuebleweb/index.php (15)
2014/06/06 18:50:59 [error] [exception.CDbException] exception 'CDbException' with message 'The table "departamento" for active record class "Departamento" cannot be found in the database.' in /var/www/yii/framework/db/ar/CActiveRecord.php:2362
Stack trace:
#0 /var/www/yii/framework/db/ar/CActiveRecord.php(411): CActiveRecordMetaData->__construct(Object(Departamento))
#1 /var/www/yii/framework/db/ar/CActiveRecord.php(658): CActiveRecord->getMetaData()
#2 /var/www/yii/framework/db/ar/CActiveRecord.php(1601): CActiveRecord->getTableSchema()
#3 /var/www/yii/framework/web/CActiveDataProvider.php(228): CActiveRecord->count(Object(CDbCriteria))
#4 /var/www/yii/framework/web/CDataProvider.php(224): CActiveDataProvider->calculateTotalItemCount()
#5 /var/www/yii/framework/web/CActiveDataProvider.php(178): CDataProvider->getTotalItemCount()
#6 /var/www/yii/framework/web/CDataProvider.php(168): CActiveDataProvider->fetchData()
#7 /var/www/yii/framework/zii/widgets/CBaseListView.php(111): CDataProvider->getData()
#8 /var/www/yii/framework/zii/widgets/CListView.php(211): CBaseListView->init()
#9 /var/www/yii/framework/web/CBaseController.php(147): CListView->init()
#10 /var/www/yii/framework/web/CBaseController.php(172): CBaseController->createWidget('zii.widgets.CLi...', Array)
#11 /var/www/inmuebleweb/protected/views/departamento/index.php(20): CBaseController->widget('zii.widgets.CLi...', Array)
#12 /var/www/yii/framework/web/CBaseController.php(126): require('/var/www/inmueb...')
#13 /var/www/yii/framework/web/CBaseController.php(95): CBaseController->renderInternal('/var/www/inmueb...', Array, true)
#14 /var/www/yii/framework/web/CController.php(869): CBaseController->renderFile('/var/www/inmueb...', Array, true)
#15 /var/www/yii/framework/web/CController.php(782): CController->renderPartial('index', Array, true)
#16 /var/www/inmuebleweb/protected/controllers/DepartamentoController.php(128): CController->render('index', Array)
#17 /var/www/yii/framework/web/actions/CInlineAction.php(49): DepartamentoController->actionIndex()
#18 /var/www/yii/framework/web/CController.php(308): CInlineAction->runWithParams(Array)
#19 /var/www/yii/framework/web/filters/CFilterChain.php(133): CController->runAction(Object(CInlineAction))
#20 /var/www/yii/framework/web/filters/CFilter.php(40): CFilterChain->run()
#21 /var/www/yii/framework/web/CController.php(1145): CFilter->filter(Object(CFilterChain))
#22 /var/www/yii/framework/web/filters/CInlineFilter.php(58): CController->filterAccessControl(Object(CFilterChain))
#23 /var/www/yii/framework/web/filters/CFilterChain.php(130): CInlineFilter->filter(Object(CFilterChain))
#24 /var/www/yii/framework/web/CController.php(291): CFilterChain->run()
#25 /var/www/yii/framework/web/CController.php(265): CController->runActionWithFilters(Object(CInlineAction), Array)
#26 /var/www/yii/framework/web/CWebApplication.php(282): CController->run('index')
#27 /var/www/yii/framework/web/CWebApplication.php(141): CWebApplication->runController('departamento/in...')
#28 /var/www/yii/framework/base/CApplication.php(180): CWebApplication->processRequest()
#29 /var/www/inmuebleweb/index.php(15): CApplication->run()
#30 {main}
REQUEST_URI=/inmuebleweb/index.php?r=departamento/index
HTTP_REFERER=http://localhost/inmuebleweb/index.php?r=site/login
---
